\BOOKMARK [0][-]{chapter*.2}{Resumen}{}% 1
\BOOKMARK [0][-]{chapter*.3}{Abstract}{}% 2
\BOOKMARK [0][-]{chapter*.4}{\315ndice general}{}% 3
\BOOKMARK [0][-]{chapter*.5}{\315ndice de figuras}{}% 4
\BOOKMARK [0][-]{chapter*.6}{\315ndice de tablas}{}% 5
\BOOKMARK [0][-]{chapter*.7}{\315ndice de listados de c\363digo fuente}{}% 6
\BOOKMARK [0][-]{chapter*.8}{\315ndice de algoritmos}{}% 7
\BOOKMARK [0][-]{chapter*.8}{Lista de acr\363nimos}{}% 8
\BOOKMARK [0][-]{chapter*.8}{Lista de s\355mbolos}{}% 9
\BOOKMARK [0][-]{chapter.9}{1 Introducci\363n modificada}{}% 10
\BOOKMARK [1][-]{section.10}{1.1 Presentaci\363n}{chapter.9}% 11
\BOOKMARK [1][-]{section.11}{1.2 Uso de la plantilla}{chapter.9}% 12
\BOOKMARK [2][-]{subsection.12}{1.2.1 Prerrequisitos}{section.11}% 13
\BOOKMARK [2][-]{subsection.13}{1.2.2 Compilaci\363n}{section.11}% 14
\BOOKMARK [2][-]{subsection.14}{1.2.3 Estructura del documento generado por la plantilla}{section.11}% 15
\BOOKMARK [2][-]{subsection.15}{1.2.4 Definiciones espec\355ficas del tipo de documento}{section.11}% 16
\BOOKMARK [2][-]{subsection.16}{1.2.5 Plantilla de anteproyecto}{section.11}% 17
\BOOKMARK [2][-]{subsection.17}{1.2.6 Papeleo adicional para la defensa de los TFGs}{section.11}% 18
\BOOKMARK [2][-]{subsection.18}{1.2.7 Generaci\363n del documento con control de cambios \(para revisi\363n\)}{section.11}% 19
\BOOKMARK [2][-]{subsection.19}{1.2.8 Problemas conocidos}{section.11}% 20
\BOOKMARK [1][-]{section.20}{1.3 Ejemplos de elementos de utilidad}{chapter.9}% 21
\BOOKMARK [2][-]{subsection.21}{1.3.1 Uso de comandos definidos}{section.20}% 22
\BOOKMARK [2][-]{subsection.22}{1.3.2 Uso de ``frases c\351lebres''}{section.20}% 23
\BOOKMARK [2][-]{subsection.23}{1.3.3 Inclusi\363n de diagramas}{section.20}% 24
\BOOKMARK [2][-]{subsection.25}{1.3.4 Definici\363n y uso de acr\363nimos \(aqu\355 tambi\351n se pueden poner acr\363nimos como ETTS\)}{section.20}% 25
\BOOKMARK [2][-]{subsection.26}{1.3.5 Definici\363n y uso de s\355mbolos \(aqu\355 tambi\351n se pueden s\355mbolos como xidet\)}{section.20}% 26
\BOOKMARK [1][-]{section.29}{1.4 Motivaci\363n y objetivos}{chapter.9}% 27
\BOOKMARK [1][-]{section.35}{1.5 Organizaci\363n de la memoria}{chapter.9}% 28
\BOOKMARK [0][-]{chapter.36}{2 Estudio te\363rico}{}% 29
\BOOKMARK [1][-]{section.37}{2.1 Introducci\363n}{chapter.36}% 30
\BOOKMARK [1][-]{section.38}{2.2 Estado del Arte}{chapter.36}% 31
\BOOKMARK [1][-]{section.41}{2.3 T\351cnicas utilizadas}{chapter.36}% 32
\BOOKMARK [2][-]{subsection.42}{2.3.1 Subsecci\363n}{section.41}% 33
\BOOKMARK [3][-]{subsubsection.43}{2.3.1.1 Subsubsecci\363n}{subsection.42}% 34
\BOOKMARK [4][-]{paragraph.44}{2.3.1.1.1 Paragraph}{subsubsection.43}% 35
\BOOKMARK [5][-]{section*.45}{Subparagraph}{paragraph.44}% 36
\BOOKMARK [1][-]{section.46}{2.4 Conclusiones}{chapter.36}% 37
\BOOKMARK [0][-]{chapter.47}{3 Desarrollo}{}% 38
\BOOKMARK [1][-]{section.48}{3.1 Introducci\363n}{chapter.47}% 39
\BOOKMARK [1][-]{section.49}{3.2 Desarrollo del sistema de experimentaci\363n}{chapter.47}% 40
\BOOKMARK [1][-]{section.50}{3.3 Planteamiento matem\341tico}{chapter.47}% 41
\BOOKMARK [1][-]{section.52}{3.4 Conclusiones}{chapter.47}% 42
\BOOKMARK [0][-]{chapter.53}{4 Resultados}{}% 43
\BOOKMARK [1][-]{section.54}{4.1 Introducci\363n}{chapter.53}% 44
\BOOKMARK [1][-]{section.55}{4.2 Entorno experimental}{chapter.53}% 45
\BOOKMARK [2][-]{subsection.56}{4.2.1 Bases de datos utilizadas}{section.55}% 46
\BOOKMARK [2][-]{subsection.57}{4.2.2 M\351tricas de calidad}{section.55}% 47
\BOOKMARK [2][-]{subsection.58}{4.2.3 Estrategia y metodolog\355a de experimentaci\363n}{section.55}% 48
\BOOKMARK [1][-]{section.59}{4.3 Resultados experimentales}{chapter.53}% 49
\BOOKMARK [1][-]{section.68}{4.4 Conclusiones}{chapter.53}% 50
\BOOKMARK [0][-]{chapter.69}{5 Conclusiones y l\355neas futuras}{}% 51
\BOOKMARK [1][-]{section.70}{5.1 Conclusiones}{chapter.69}% 52
\BOOKMARK [1][-]{section.71}{5.2 L\355neas futuras}{chapter.69}% 53
\BOOKMARK [0][-]{appendix.72}{A Manual de usuario}{}% 54
\BOOKMARK [1][-]{section.73}{A.1 Introducci\363n}{appendix.72}% 55
\BOOKMARK [1][-]{section.74}{A.2 Manual}{appendix.72}% 56
\BOOKMARK [1][-]{section.75}{A.3 Ejemplos de inclusi\363n de fragmentos de c\363digo fuente}{appendix.72}% 57
\BOOKMARK [1][-]{section.157}{A.4 Ejemplos de inclusi\363n de algoritmos}{appendix.72}% 58
\BOOKMARK [0][-]{appendix.166}{B Herramientas y recursos}{}% 59
